(0000) 3000  0011000000000000 (   6)                 .ORIG x3000
(3000) 5020  0101000000100000 (   7)                 AND   R0 R0 #0
(3001) 5260  0101001001100000 (   8)                 AND   R1 R1 #0
(3002) 54A0  0101010010100000 (   9)                 AND   R2 R2 #0
(3003) E073  1110000001110011 (  10) LOOP            LEA   R0 PROMPT
(3004) F022  1111000000100010 (  11)                 TRAP  x22
(3005) F020  1111000000100000 (  12) CHAR            TRAP  x20
(3006) F021  1111000000100001 (  13)                 TRAP  x21
(3007) 1031  0001000000110001 (  14)                 ADD   R0 R0 #-15
(3008) 1031  0001000000110001 (  15)                 ADD   R0 R0 #-15
(3009) 1031  0001000000110001 (  16)                 ADD   R0 R0 #-15
(300A) 103D  0001000000111101 (  17)                 ADD   R0 R0 #-3
(300B) 0406  0000010000000110 (  18)                 BRZ   SAVE
(300C) 2404  0010010000000100 (  19)                 LD    R2 STORE
(300D) 1481  0001010010000001 (  20)                 ADD   R2 R2 R1
(300E) 7080  0111000010000000 (  21)                 STR   R0 R2 #0
(300F) 1261  0001001001100001 (  22)                 ADD   R1 R1 #1
(3010) 0FF2  0000111111110010 (  23)                 BRNZP LOOP
(3011) 7000  0111000000000000 (  25) STORE           STR   R0 R0 #0
(3012) 127F  0001001001111111 (  26) SAVE            ADD   R1 R1 #-1
(3013) 3253  0011001001010011 (  27)                 ST    R1 SAVER1
(3014) 2252  0010001001010010 (  28) BREAK           LD    R1 SAVER1
(3015) 5020  0101000000100000 (  29)                 AND   R0 R0 #0
(3016) 54A0  0101010010100000 (  30)                 AND   R2 R2 #0
(3017) 5920  0101100100100000 (  31)                 AND   R4 R4 #0
(3018) 5B60  0101101101100000 (  32)                 AND   R5 R5 #0
(3019) 5DA0  0101110110100000 (  33)                 AND   R6 R6 #0
(301A) 1D81  0001110110000001 (  34)                 ADD   R6 R6 R1
(301B) 2800  0010100000000000 (  35)                 LD    R4 LOAD
(301C) 7000  0111000000000000 (  36) LOAD            STR   R0 R0 #0
(301D) A1FE  1010000111111110 (  37)                 LDI   R0 LOAD
(301E) 2248  0010001001001000 (  39) START           LD    R1 SAVER1
(301F) 29FC  0010100111111100 (  40)                 LD    R4 LOAD
(3020) 56E0  0101011011100000 (  41)                 AND   R3 R3 #0
(3021) 16C1  0001011011000001 (  42)                 ADD   R3 R3 R1
(3022) 1901  0001100100000001 (  43)                 ADD   R4 R4 R1
(3023) 9FBF  1001111110111111 (  44)                 NOT   R7 R6
(3024) 1FE1  0001111111100001 (  45)                 ADD   R7 R7 #1
(3025) 1907  0001100100000111 (  46)                 ADD   R4 R4 R7
(3026) 5FE0  0101111111100000 (  47)                 AND   R7 R7 #0
(3027) 1FC6  0001111111000110 (  48)                 ADD   R7 R7 R6
(3028) 927F  1001001001111111 (  49)                 NOT   R1 R1
(3029) 1261  0001001001100001 (  50)                 ADD   R1 R1 #1
(302A) 1FC1  0001111111000001 (  51)                 ADD   R7 R7 R1
(302B) 16C7  0001011011000111 (  52)                 ADD   R3 R3 R7
(302C) 6100  0110000100000000 (  53)                 LDR   R0 R4 #0
(302D) 6301  0110001100000001 (  54)                 LDR   R1 R4 #1
(302E) 5FE0  0101111111100000 (  55)                 AND   R7 R7 #0
(302F) 1FC4  0001111111000100 (  56)                 ADD   R7 R7 R4
(3030) 54A0  0101010010100000 (  57)                 AND   R2 R2 #0
(3031) 1484  0001010010000100 (  58)                 ADD   R2 R2 R4
(3032) 1921  0001100100100001 (  60) SORT            ADD   R4 R4 #1
(3033) 6300  0110001100000000 (  61)                 LDR   R1 R4 #0
(3034) 9A7F  1001101001111111 (  62)                 NOT   R5 R1
(3035) 1B61  0001101101100001 (  63)                 ADD   R5 R5 #1
(3036) 1B40  0001101101000000 (  64)                 ADD   R5 R5 R0
(3037) 0204  0000001000000100 (  65)                 BRP   LOWER
(3038) 0807  0000100000000111 (  66)                 BRN   LOOP2
(3039) 0400  0000010000000000 (  67)                 BRZ   EQUAL
(303A) 54A0  0101010010100000 (  68) EQUAL           AND   R2 R2 #0
(303B) 1484  0001010010000100 (  69)                 ADD   R2 R2 R4
(303C) 5020  0101000000100000 (  70) LOWER           AND   R0 R0 #0
(303D) 1001  0001000000000001 (  71)                 ADD   R0 R0 R1
(303E) 54A0  0101010010100000 (  72)                 AND   R2 R2 #0
(303F) 1484  0001010010000100 (  73)                 ADD   R2 R2 R4
(3040) 16FF  0001011011111111 (  74) LOOP2           ADD   R3 R3 #-1
(3041) 03F0  0000001111110000 (  75)                 BRP   SORT
(3042) 5260  0101001001100000 (  77) STORE2          AND   R1 R1 #0
(3043) 63C0  0110001111000000 (  78)                 LDR   R1 R7 #0
(3044) 7280  0111001010000000 (  79)                 STR   R1 R2 #0
(3045) 71C0  0111000111000000 (  80)                 STR   R0 R7 #0
(3046) 1DBF  0001110110111111 (  82) END             ADD   R6 R6 #-1
(3047) 03D6  0000001111010110 (  83)                 BRP   START
(3048) 5020  0101000000100000 (  85) DISPLAY         AND   R0 R0 #0
(3049) E01F  1110000000011111 (  86)                 LEA   R0 ENDOUT
(304A) F022  1111000000100010 (  87)                 TRAP  x22
(304B) 5020  0101000000100000 (  88)                 AND   R0 R0 #0
(304C) 5260  0101001001100000 (  89)                 AND   R1 R1 #0
(304D) 54A0  0101010010100000 (  90)                 AND   R2 R2 #0
(304E) 56E0  0101011011100000 (  91)                 AND   R3 R3 #0
(304F) 5920  0101100100100000 (  92)                 AND   R4 R4 #0
(3050) 5B60  0101101101100000 (  93)                 AND   R5 R5 #0
(3051) 2A15  0010101000010101 (  94)                 LD    R5 SAVER1
(3052) 1B61  0001101101100001 (  95)                 ADD   R5 R5 #1
(3053) 2413  0010010000010011 (  96)                 LD    R2 SAVER1
(3054) 2812  0010100000010010 (  97)                 LD    R4 SAVER1
(3055) 23BB  0010001110111011 (  98) LOOP3           LD    R1 STORE
(3056) 96BF  1001011010111111 (  99)                 NOT   R3 R2
(3057) 16E1  0001011011100001 ( 100)                 ADD   R3 R3 #1
(3058) 1244  0001001001000100 ( 101)                 ADD   R1 R1 R4
(3059) 1243  0001001001000011 ( 102)                 ADD   R1 R1 R3
(305A) 5020  0101000000100000 ( 103)                 AND   R0 R0 #0
(305B) 200C  0010000000001100 ( 104)                 LD    R0 NEWLINE
(305C) F021  1111000000100001 ( 105)                 TRAP  x21
(305D) 6040  0110000001000000 ( 106)                 LDR   R0 R1 #0
(305E) 102F  0001000000101111 ( 107)                 ADD   R0 R0 #15
(305F) 102F  0001000000101111 ( 108)                 ADD   R0 R0 #15
(3060) 102F  0001000000101111 ( 109)                 ADD   R0 R0 #15
(3061) 1023  0001000000100011 ( 110)                 ADD   R0 R0 #3
(3062) F021  1111000000100001 ( 111)                 TRAP  x21
(3063) 14BF  0001010010111111 ( 112)                 ADD   R2 R2 #-1
(3064) 1B7F  0001101101111111 ( 113)                 ADD   R5 R5 #-1
(3065) 03EF  0000001111101111 ( 114)                 BRP   LOOP3
(3066) F025  1111000000100101 ( 115)                 TRAP  x25
(3067) 0000  0000000000000000 ( 116) SAVER1          .FILL x0000
(3068) 000A  0000000000001010 ( 117) NEWLINE         .FILL x000A
(3069) 000A  0000000000001010 ( 118) ENDOUT          .FILL x000A
(306A) 0053  0000000001010011 ( 118)                 .FILL x0053
(306B) 006F  0000000001101111 ( 118)                 .FILL x006F
(306C) 0072  0000000001110010 ( 118)                 .FILL x0072
(306D) 0074  0000000001110100 ( 118)                 .FILL x0074
(306E) 0065  0000000001100101 ( 118)                 .FILL x0065
(306F) 0064  0000000001100100 ( 118)                 .FILL x0064
(3070) 0020  0000000000100000 ( 118)                 .FILL x0020
(3071) 0041  0000000001000001 ( 118)                 .FILL x0041
(3072) 0072  0000000001110010 ( 118)                 .FILL x0072
(3073) 0072  0000000001110010 ( 118)                 .FILL x0072
(3074) 0061  0000000001100001 ( 118)                 .FILL x0061
(3075) 0079  0000000001111001 ( 118)                 .FILL x0079
(3076) 0000  0000000000000000 ( 118)                 .FILL x0000
(3077) 000A  0000000000001010 ( 119) PROMPT          .FILL x000A
(3078) 0045  0000000001000101 ( 119)                 .FILL x0045
(3079) 006E  0000000001101110 ( 119)                 .FILL x006E
(307A) 0074  0000000001110100 ( 119)                 .FILL x0074
(307B) 0065  0000000001100101 ( 119)                 .FILL x0065
(307C) 0072  0000000001110010 ( 119)                 .FILL x0072
(307D) 0020  0000000000100000 ( 119)                 .FILL x0020
(307E) 0061  0000000001100001 ( 119)                 .FILL x0061
(307F) 0020  0000000000100000 ( 119)                 .FILL x0020
(3080) 006E  0000000001101110 ( 119)                 .FILL x006E
(3081) 0075  0000000001110101 ( 119)                 .FILL x0075
(3082) 006D  0000000001101101 ( 119)                 .FILL x006D
(3083) 0062  0000000001100010 ( 119)                 .FILL x0062
(3084) 0065  0000000001100101 ( 119)                 .FILL x0065
(3085) 0072  0000000001110010 ( 119)                 .FILL x0072
(3086) 000A  0000000000001010 ( 119)                 .FILL x000A
(3087) 0000  0000000000000000 ( 119)                 .FILL x0000
